[debug] [2024-08-31T14:21:09.575Z] ----------------------------------------------------------------------
[debug] [2024-08-31T14:21:09.576Z] Command:       /usr/local/bin/node /home/neon/.local/share/pnpm/global/5/node_modules/firebase-tools/lib/bin/firebase.js init
[debug] [2024-08-31T14:21:09.576Z] CLI Version:   13.16.0
[debug] [2024-08-31T14:21:09.576Z] Platform:      linux
[debug] [2024-08-31T14:21:09.576Z] Node Version:  v20.17.0
[debug] [2024-08-31T14:21:09.576Z] Time:          Sat Aug 31 2024 19:51:09 GMT+0530 (India Standard Time)
[debug] [2024-08-31T14:21:09.576Z] ----------------------------------------------------------------------
[debug] 
[debug] [2024-08-31T14:21:09.579Z] > command requires scopes: ["email","openid","https://www.googleapis.com/auth/cloudplatformprojects.readonly","https://www.googleapis.com/auth/firebase","https://www.googleapis.com/auth/cloud-platform"]
[debug] [2024-08-31T14:21:09.579Z] > authorizing via signed-in user (naufilasar.dev@gmail.com)
[info] 
     ######## #### ########  ######## ########     ###     ######  ########
     ##        ##  ##     ## ##       ##     ##  ##   ##  ##       ##
     ######    ##  ########  ######   ########  #########  ######  ######
     ##        ##  ##    ##  ##       ##     ## ##     ##       ## ##
     ##       #### ##     ## ######## ########  ##     ##  ######  ########

You're about to initialize a Firebase project in this directory:

  /home/neon/quickstart

[info] 
=== Project Setup
[info] 
[info] First, let's associate this project directory with a Firebase project.
[info] You can create multiple project aliases by running firebase use --add, 
[info] but for now we'll just set up a default project.
[info] 
[info] i  If you want to create a project in a Google Cloud organization or folder, please use "firebase projects:create" instead, and return to this command when you've created the project. 
[debug] [2024-08-31T14:21:51.904Z] >>> [apiv2][query] POST https://cloudresourcemanager.googleapis.com/v1/projects [none]
[debug] [2024-08-31T14:21:51.904Z] >>> [apiv2][body] POST https://cloudresourcemanager.googleapis.com/v1/projects {"projectId":"zxus","name":"zxus"}
[debug] [2024-08-31T14:21:53.673Z] <<< [apiv2][status] POST https://cloudresourcemanager.googleapis.com/v1/projects 400
[debug] [2024-08-31T14:21:53.673Z] <<< [apiv2][body] POST https://cloudresourcemanager.googleapis.com/v1/projects {"error":{"code":400,"message":"field [project_id] has issue [project_id must be at least 6 characters long]","status":"INVALID_ARGUMENT","details":[{"@type":"type.googleapis.com/google.rpc.BadRequest","fieldViolations":[{"field":"project_id","description":"project_id must be at least 6 characters long"}]},{"@type":"type.googleapis.com/google.rpc.Help","links":[{"url":"https://cloud.google.com/resource-manager/reference/rest/v1/projects"}]}]}}
[debug] [2024-08-31T14:21:53.676Z] FirebaseError: HTTP Error: 400, field [project_id] has issue [project_id must be at least 6 characters long]
    at responseToError (/home/neon/.local/share/pnpm/global/5/.pnpm/firebase-tools@13.16.0_encoding@0.1.13/node_modules/firebase-tools/lib/responseToError.js:49:12)
    at RetryOperation._fn (/home/neon/.local/share/pnpm/global/5/.pnpm/firebase-tools@13.16.0_encoding@0.1.13/node_modules/firebase-tools/lib/apiv2.js:305:77)
    at process.processTicksAndRejections (node:internal/process/task_queues:95:5)
[error] 
[error] Error: Failed to create project. See firebase-debug.log for more info.
[debug] [2024-08-31T14:22:12.260Z] ----------------------------------------------------------------------
[debug] [2024-08-31T14:22:12.262Z] Command:       /usr/local/bin/node /home/neon/.local/share/pnpm/global/5/node_modules/firebase-tools/lib/bin/firebase.js init
[debug] [2024-08-31T14:22:12.262Z] CLI Version:   13.16.0
[debug] [2024-08-31T14:22:12.262Z] Platform:      linux
[debug] [2024-08-31T14:22:12.262Z] Node Version:  v20.17.0
[debug] [2024-08-31T14:22:12.262Z] Time:          Sat Aug 31 2024 19:52:12 GMT+0530 (India Standard Time)
[debug] [2024-08-31T14:22:12.262Z] ----------------------------------------------------------------------
[debug] 
[debug] [2024-08-31T14:22:12.264Z] > command requires scopes: ["email","openid","https://www.googleapis.com/auth/cloudplatformprojects.readonly","https://www.googleapis.com/auth/firebase","https://www.googleapis.com/auth/cloud-platform"]
[debug] [2024-08-31T14:22:12.265Z] > authorizing via signed-in user (naufilasar.dev@gmail.com)
[info] 
     ######## #### ########  ######## ########     ###     ######  ########
     ##        ##  ##     ## ##       ##     ##  ##   ##  ##       ##
     ######    ##  ########  ######   ########  #########  ######  ######
     ##        ##  ##    ##  ##       ##     ## ##     ##       ## ##
     ##       #### ##     ## ######## ########  ##     ##  ######  ########

You're about to initialize a Firebase project in this directory:

  /home/neon/quickstart

[info] 
=== Project Setup
[info] 
[info] First, let's associate this project directory with a Firebase project.
[info] You can create multiple project aliases by running firebase use --add, 
[info] but for now we'll just set up a default project.
[info] 
[info] i  If you want to create a project in a Google Cloud organization or folder, please use "firebase projects:create" instead, and return to this command when you've created the project. 
[debug] [2024-08-31T14:22:49.821Z] >>> [apiv2][query] POST https://cloudresourcemanager.googleapis.com/v1/projects [none]
[debug] [2024-08-31T14:22:49.821Z] >>> [apiv2][body] POST https://cloudresourcemanager.googleapis.com/v1/projects {"projectId":"zxus","name":"zxus"}
[debug] [2024-08-31T14:22:51.431Z] <<< [apiv2][status] POST https://cloudresourcemanager.googleapis.com/v1/projects 400
[debug] [2024-08-31T14:22:51.431Z] <<< [apiv2][body] POST https://cloudresourcemanager.googleapis.com/v1/projects {"error":{"code":400,"message":"field [project_id] has issue [project_id must be at least 6 characters long]","status":"INVALID_ARGUMENT","details":[{"@type":"type.googleapis.com/google.rpc.BadRequest","fieldViolations":[{"field":"project_id","description":"project_id must be at least 6 characters long"}]},{"@type":"type.googleapis.com/google.rpc.Help","links":[{"url":"https://cloud.google.com/resource-manager/reference/rest/v1/projects"}]}]}}
[debug] [2024-08-31T14:22:51.433Z] FirebaseError: HTTP Error: 400, field [project_id] has issue [project_id must be at least 6 characters long]
    at responseToError (/home/neon/.local/share/pnpm/global/5/.pnpm/firebase-tools@13.16.0_encoding@0.1.13/node_modules/firebase-tools/lib/responseToError.js:49:12)
    at RetryOperation._fn (/home/neon/.local/share/pnpm/global/5/.pnpm/firebase-tools@13.16.0_encoding@0.1.13/node_modules/firebase-tools/lib/apiv2.js:305:77)
    at process.processTicksAndRejections (node:internal/process/task_queues:95:5)
[error] 
[error] Error: Failed to create project. See firebase-debug.log for more info.
